Arguments: 
  C:\Program Files\nodejs\node.exe C:\Program Files\nodejs\node_modules\yarn\bin\yarn.js

PATH: 
  F:\study\twenty-one\SingleSPA-qiankun\qiankun\qiankun-vue\node_modules\.bin;F:\study\twenty-one\SingleSPA-qiankun\qiankun\node_modules\.bin;F:\study\twenty-one\SingleSPA-qiankun\node_modules\.bin;F:\study\twenty-one\node_modules\.bin;F:\study\node_modules\.bin;F:\node_modules\.bin;C:\Program Files\nodejs;C:\Windows\system32;C:\Windows;C:\Windows\System32\Wbem;C:\Windows\System32\WindowsPowerShell\v1.0\;C:\Windows\System32\OpenSSH\;C:\Program Files\Git\cmd;C:\Program Files\OpenVPN\bin;C:\Users\M04\AppData\Roaming\nvm;C:\Program Files\nodejs;C:\Users\M04\AppData\Local\Microsoft\WindowsApps;C:\Users\M04\AppData\Local\Programs\Microsoft VS Code\bin;C:\Users\M04\AppData\Roaming\nvm;C:\Program Files\nodejs

Yarn version: 
  1.22.19

Node version: 
  18.0.0

Platform: 
  win32 x64

Trace: 
  SyntaxError: C:\Users\M04\AppData\Local\Yarn\Cache\v6\npm-@babel-plugin-transform-shorthand-properties-7.18.6-6d6df7983d67b195289be24909e3f12a8f664dc9-integrity\node_modules\@babel\plugin-transform-shorthand-properties\.yarn-metadata.json: Unexpected end of JSON input
      at JSON.parse (<anonymous>)
      at C:\Users\M04\AppData\Roaming\nvm\v18.0.0\node_modules\yarn\lib\cli.js:1629:59
      at Generator.next (<anonymous>)
      at step (C:\Users\M04\AppData\Roaming\nvm\v18.0.0\node_modules\yarn\lib\cli.js:310:30)
      at C:\Users\M04\AppData\Roaming\nvm\v18.0.0\node_modules\yarn\lib\cli.js:321:13

npm manifest: 
  {
    "name": "qiankun-vue",
    "version": "0.1.0",
    "private": true,
    "devDependencies": {
      "@vue/cli-plugin-babel": "~5.0.0",
      "@vue/cli-plugin-eslint": "~5.0.0",
      "@vue/cli-service": "~5.0.0"
    }
  }

yarn manifest: 
  No manifest

Lockfile: 
  No lockfile
